#-----------------------------------------------------------
# Vivado v2021.1 (64-bit)
# SW Build 3247384 on Thu Jun 10 19:36:33 MDT 2021
# IP Build 3246043 on Fri Jun 11 00:30:35 MDT 2021
# Start of session at: Mon Jul 26 14:20:24 2021
# Process ID: 13308
# Current directory: E:/Progetto di Reti Logiche/project_rl
# Command line: vivado.exe -gui_launcher_event rodinguilauncherevent13264 E:\Progetto di Reti Logiche\project_rl\project_rl.xpr
# Log file: E:/Progetto di Reti Logiche/project_rl/vivado.log
# Journal file: E:/Progetto di Reti Logiche/project_rl\vivado.jou
#-----------------------------------------------------------
start_gui
open_project {E:/Progetto di Reti Logiche/project_rl/project_rl.xpr}
WARNING: [filemgmt 56-3] Default IP Output Path : Could not find the directory 'E:/Progetto di Reti Logiche/project_rl/project_rl.gen/sources_1'.
Scanning sources...
Finished scanning sources
INFO: [Project 1-230] Project 'project_rl.xpr' upgraded for this version of Vivado.
INFO: [IP_Flow 19-234] Refreshing IP repositories
INFO: [IP_Flow 19-1704] No user IP repositories specified
INFO: [IP_Flow 19-2313] Loaded Vivado IP repository 'E:/XilinxNew/Vivado/2021.1/data/ip'.
open_project: Time (s): cpu = 00:00:32 ; elapsed = 00:00:12 . Memory (MB): peak = 1476.887 ; gain = 0.000
update_compile_order -fileset sources_1
exit
INFO: [Common 17-206] Exiting Vivado at Mon Jul 26 14:23:43 2021...
