Vivado Simulator 2020.2
Copyright 1986-1999, 2001-2020 Xilinx, Inc. All Rights Reserved.
Running: E:/Xilinx/Vivado/2020.2/bin/unwrapped/win64.o/xelab.exe -wto b26c7d19b1b74a53a8c923bcf3afeaec --incr --debug typical --relax --mt 2 -L xil_defaultlib -L secureip --snapshot project_tb_func_synth xil_defaultlib.project_tb -log elaborate.log 
Using 2 slave threads.
Starting static elaboration
Completed static elaboration
Starting simulation data flow analysis
Completed simulation data flow analysis
Time Resolution for simulation is 1ps
Compiling package std.standard
Compiling package std.textio
Compiling package ieee.std_logic_1164
Compiling package ieee.numeric_std
Compiling package ieee.std_logic_arith
Compiling package ieee.std_logic_unsigned
Compiling package unisim.vcomponents
Compiling package ieee.vital_timing
Compiling package ieee.vital_primitives
Compiling package unisim.vpkg
Compiling architecture lut2_v of entity unisim.LUT2 [\LUT2(init="1001")(0,3)\]
Compiling architecture lut6_v of entity unisim.LUT6 [\LUT6(init="00000000001000000000...]
Compiling architecture fdre_v of entity unisim.FDRE [fdre_default]
Compiling architecture carry4_v of entity unisim.CARRY4 [carry4_default]
Compiling architecture lut6_v of entity unisim.LUT6 [\LUT6(init="00001111000011110000...]
Compiling architecture lut6_v of entity unisim.LUT6 [\LUT6(init="11110000111100001111...]
Compiling architecture lut2_v of entity unisim.LUT2 [\LUT2(init="0010")(0,3)\]
Compiling architecture lut6_v of entity unisim.LUT6 [\LUT6(init="11011100110100111101...]
Compiling architecture lut6_v of entity unisim.LUT6 [\LUT6(init="10101010101010101010...]
Compiling architecture lut5_v of entity unisim.LUT5 [\LUT5(init="00000000000000000001...]
Compiling architecture lut6_v of entity unisim.LUT6 [\LUT6(init="10101010101010101010...]
Compiling architecture lut1_v of entity unisim.LUT1 [\LUT1(init="0001")(0,3)\]
Compiling architecture lut6_v of entity unisim.LUT6 [\LUT6(init="01000000000000000000...]
Compiling architecture lut4_v of entity unisim.LUT4 [\LUT4(init="1001000000001001")(0...]
Compiling architecture lut4_v of entity unisim.LUT4 [\LUT4(init="0010001010110010")(0...]
Compiling architecture lut2_v of entity unisim.LUT2 [\LUT2(init="1000")(0,3)\]
Compiling architecture lut4_v of entity unisim.LUT4 [\LUT4(init="0010101100100010")(0...]
Compiling architecture fdse_v of entity unisim.FDSE [fdse_default]
Compiling architecture lut5_v of entity unisim.LUT5 [\LUT5(init="00000000000100000000...]
Compiling architecture lut6_v of entity unisim.LUT6 [\LUT6(init="00000000000000000000...]
Compiling architecture lut5_v of entity unisim.LUT5 [\LUT5(init="00000000010000000000...]
Compiling architecture lut6_v of entity unisim.LUT6 [\LUT6(init="11111111111111111111...]
Compiling architecture lut4_v of entity unisim.LUT4 [\LUT4(init="1111011111111111")(0...]
Compiling architecture lut4_v of entity unisim.LUT4 [\LUT4(init="1111111101111111")(0...]
Compiling architecture lut2_v of entity unisim.LUT2 [\LUT2(init="1110")(0,3)\]
Compiling architecture lut2_v of entity unisim.LUT2 [\LUT2(init="0001")(0,3)\]
Compiling architecture lut6_v of entity unisim.LUT6 [\LUT6(init="00110011001100100011...]
Compiling architecture lut6_v of entity unisim.LUT6 [\LUT6(init="11111111111111111111...]
Compiling architecture lut5_v of entity unisim.LUT5 [\LUT5(init="00010000000000000000...]
Compiling architecture lut4_v of entity unisim.LUT4 [\LUT4(init="1111101110101010")(0...]
Compiling architecture lut6_v of entity unisim.LUT6 [\LUT6(init="00000000000000000000...]
Compiling architecture lut6_v of entity unisim.LUT6 [\LUT6(init="10101010101010101010...]
Compiling architecture lut4_v of entity unisim.LUT4 [\LUT4(init="1111111010101010")(0...]
Compiling architecture lut4_v of entity unisim.LUT4 [\LUT4(init="0000000011100010")(0...]
Compiling architecture lut5_v of entity unisim.LUT5 [\LUT5(init="11111111111111110110...]
Compiling architecture lut5_v of entity unisim.LUT5 [\LUT5(init="01111111100101000000...]
Compiling architecture lut5_v of entity unisim.LUT5 [\LUT5(init="10101011101110111011...]
Compiling architecture lut5_v of entity unisim.LUT5 [\LUT5(init="00000000011111100000...]
Compiling architecture lut5_v of entity unisim.LUT5 [\LUT5(init="10000000000000000000...]
Compiling architecture lut6_v of entity unisim.LUT6 [\LUT6(init="00000000000000000000...]
Compiling architecture lut6_v of entity unisim.LUT6 [\LUT6(init="00101010101010101010...]
Compiling architecture lut6_v of entity unisim.LUT6 [\LUT6(init="00100000000000000010...]
Compiling architecture lut3_v of entity unisim.LUT3 [\LUT3(init="00000001")(0,7)\]
Compiling architecture lut5_v of entity unisim.LUT5 [\LUT5(init="00000000000000000000...]
Compiling architecture lut4_v of entity unisim.LUT4 [\LUT4(init="0000000000000001")(0...]
Compiling architecture lut5_v of entity unisim.LUT5 [\LUT5(init="00000000000000010000...]
Compiling architecture lut6_v of entity unisim.LUT6 [\LUT6(init="00000001000000010000...]
Compiling architecture lut6_v of entity unisim.LUT6 [\LUT6(init="00000000000000000000...]
Compiling architecture lut4_v of entity unisim.LUT4 [\LUT4(init="0000001100000101")(0...]
Compiling architecture lut4_v of entity unisim.LUT4 [\LUT4(init="1010101111111011")(0...]
Compiling architecture lut4_v of entity unisim.LUT4 [\LUT4(init="0000001100001010")(0...]
Compiling architecture lut4_v of entity unisim.LUT4 [\LUT4(init="1100111111011101")(0...]
Compiling architecture lut4_v of entity unisim.LUT4 [\LUT4(init="0011001000000010")(0...]
Compiling architecture lut5_v of entity unisim.LUT5 [\LUT5(init="00110000101110110011...]
Compiling architecture lut4_v of entity unisim.LUT4 [\LUT4(init="0000101100001000")(0...]
Compiling architecture lut6_v of entity unisim.LUT6 [\LUT6(init="10101111101000001100...]
Compiling architecture lut5_v of entity unisim.LUT5 [\LUT5(init="00110000011101110011...]
Compiling architecture lut5_v of entity unisim.LUT5 [\LUT5(init="10111000101110111011...]
Compiling architecture lut4_v of entity unisim.LUT4 [\LUT4(init="1110111111110111")(0...]
Compiling architecture lut4_v of entity unisim.LUT4 [\LUT4(init="0000000000001000")(0...]
Compiling architecture lut5_v of entity unisim.LUT5 [\LUT5(init="10101000101010101010...]
Compiling architecture lut6_v of entity unisim.LUT6 [\LUT6(init="00000000000000000000...]
Compiling architecture lut6_v of entity unisim.LUT6 [\LUT6(init="00000000000000000010...]
Compiling architecture lut6_v of entity unisim.LUT6 [\LUT6(init="10001011101110001011...]
Compiling architecture lut4_v of entity unisim.LUT4 [\LUT4(init="0001011101110111")(0...]
Compiling architecture lut4_v of entity unisim.LUT4 [\LUT4(init="1000011101111000")(0...]
Compiling architecture lut6_v of entity unisim.LUT6 [\LUT6(init="10000111011110000111...]
Compiling architecture lut4_v of entity unisim.LUT4 [\LUT4(init="1000000000000000")(0...]
Compiling architecture lut6_v of entity unisim.LUT6 [\LUT6(init="01111000100001111000...]
Compiling architecture lut6_v of entity unisim.LUT6 [\LUT6(init="11111000100010001000...]
Compiling architecture lut4_v of entity unisim.LUT4 [\LUT4(init="1101010101000000")(0...]
Compiling architecture lut6_v of entity unisim.LUT6 [\LUT6(init="01101010100101011001...]
Compiling architecture lut6_v of entity unisim.LUT6 [\LUT6(init="10101000100000001000...]
Compiling architecture lut6_v of entity unisim.LUT6 [\LUT6(init="10000000011111110111...]
Compiling architecture lut6_v of entity unisim.LUT6 [\LUT6(init="10000000111010100111...]
Compiling architecture lut6_v of entity unisim.LUT6 [\LUT6(init="11101000100010000001...]
Compiling architecture lut6_v of entity unisim.LUT6 [\LUT6(init="10011001100110011001...]
Compiling architecture lut5_v of entity unisim.LUT5 [\LUT5(init="10010101011010100110...]
Compiling architecture lut4_v of entity unisim.LUT4 [\LUT4(init="1110100010001000")(0...]
Compiling architecture lut3_v of entity unisim.LUT3 [\LUT3(init="10000000")(0,7)\]
Compiling architecture lut3_v of entity unisim.LUT3 [\LUT3(init="01101010")(0,7)\]
Compiling architecture lut3_v of entity unisim.LUT3 [\LUT3(init="10010101")(0,7)\]
Compiling architecture lut6_v of entity unisim.LUT6 [\LUT6(init="10111010111000000010...]
Compiling architecture lut4_v of entity unisim.LUT4 [\LUT4(init="0111000000000000")(0...]
Compiling architecture lut6_v of entity unisim.LUT6 [\LUT6(init="11100011011111110111...]
Compiling architecture lut6_v of entity unisim.LUT6 [\LUT6(init="10111111111010100010...]
Compiling architecture lut6_v of entity unisim.LUT6 [\LUT6(init="10001111111010100001...]
Compiling architecture lut6_v of entity unisim.LUT6 [\LUT6(init="01101001100101101001...]
Compiling architecture lut6_v of entity unisim.LUT6 [\LUT6(init="10010110011010010110...]
Compiling architecture lut5_v of entity unisim.LUT5 [\LUT5(init="10010110011001100110...]
Compiling architecture lut5_v of entity unisim.LUT5 [\LUT5(init="00000000000000000100...]
Compiling architecture lut6_v of entity unisim.LUT6 [\LUT6(init="10000111011101110111...]
Compiling architecture lut4_v of entity unisim.LUT4 [\LUT4(init="0111100010001000")(0...]
Compiling architecture lut6_v of entity unisim.LUT6 [\LUT6(init="01101010100101010011...]
Compiling architecture lut2_v of entity unisim.LUT2 [\LUT2(init="0110")(0,3)\]
Compiling architecture lut4_v of entity unisim.LUT4 [\LUT4(init="1001011001100110")(0...]
Compiling architecture bufg_v of entity unisim.BUFG [bufg_default]
Compiling architecture ibuf_v of entity unisim.IBUF [\IBUF(1,9)(1,1)(1,4)(1,7)\]
Compiling architecture lut6_v of entity unisim.LUT6 [\LUT6(init="10101010101010101010...]
Compiling architecture lut6_v of entity unisim.LUT6 [\LUT6(init="00100010000000100010...]
Compiling architecture obuf_v of entity unisim.OBUF [\OBUF(1,9)(1,7)(1,4)\]
Compiling architecture lut6_v of entity unisim.LUT6 [\LUT6(init="00000000000000000000...]
Compiling architecture lut5_v of entity unisim.LUT5 [\LUT5(init="00001000000000000000...]
Compiling architecture lut6_v of entity unisim.LUT6 [\LUT6(init="00000000000000000000...]
Compiling architecture lut5_v of entity unisim.LUT5 [\LUT5(init="01100000000000000000...]
Compiling architecture lut6_v of entity unisim.LUT6 [\LUT6(init="11001100000000101111...]
Compiling architecture lut6_v of entity unisim.LUT6 [\LUT6(init="00000000001111111111...]
Compiling architecture lut5_v of entity unisim.LUT5 [\LUT5(init="00001111001100000011...]
Compiling architecture lut5_v of entity unisim.LUT5 [\LUT5(init="00001000101010100000...]
Compiling architecture lut5_v of entity unisim.LUT5 [\LUT5(init="00001111111111110100...]
Compiling architecture lut6_v of entity unisim.LUT6 [\LUT6(init="00011111111111110001...]
Compiling architecture lut6_v of entity unisim.LUT6 [\LUT6(init="00000000000000000000...]
Compiling architecture structure of entity xil_defaultlib.project_reti_logiche [project_reti_logiche_default]
Compiling architecture projecttb of entity xil_defaultlib.project_tb
Built simulation snapshot project_tb_func_synth
