Vivado Simulator 2020.2
Time resolution is 1 ps
Note: Hello world! How are you doing?
Time: 0 ps  Iteration: 0  Process: /T01_HelloWorldTB/line__7  File: C:/Users/panta/OneDrive - Politecnico di Milano/Documenti/Progetto di Reti Logiche/project_basicstuff/project_basicstuff.srcs/sources_1/new/T01_HelloWorldTB.vhd
Note: Hello world! How are you doing?
Time: 100 ns  Iteration: 0  Process: /T01_HelloWorldTB/line__7  File: C:/Users/panta/OneDrive - Politecnico di Milano/Documenti/Progetto di Reti Logiche/project_basicstuff/project_basicstuff.srcs/sources_1/new/T01_HelloWorldTB.vhd
Note: Hello world! How are you doing?
Time: 200 ns  Iteration: 0  Process: /T01_HelloWorldTB/line__7  File: C:/Users/panta/OneDrive - Politecnico di Milano/Documenti/Progetto di Reti Logiche/project_basicstuff/project_basicstuff.srcs/sources_1/new/T01_HelloWorldTB.vhd
Note: Hello world! How are you doing?
Time: 300 ns  Iteration: 0  Process: /T01_HelloWorldTB/line__7  File: C:/Users/panta/OneDrive - Politecnico di Milano/Documenti/Progetto di Reti Logiche/project_basicstuff/project_basicstuff.srcs/sources_1/new/T01_HelloWorldTB.vhd
Note: Hello world! How are you doing?
Time: 400 ns  Iteration: 0  Process: /T01_HelloWorldTB/line__7  File: C:/Users/panta/OneDrive - Politecnico di Milano/Documenti/Progetto di Reti Logiche/project_basicstuff/project_basicstuff.srcs/sources_1/new/T01_HelloWorldTB.vhd
Note: Hello world! How are you doing?
Time: 500 ns  Iteration: 0  Process: /T01_HelloWorldTB/line__7  File: C:/Users/panta/OneDrive - Politecnico di Milano/Documenti/Progetto di Reti Logiche/project_basicstuff/project_basicstuff.srcs/sources_1/new/T01_HelloWorldTB.vhd
Note: Hello world! How are you doing?
Time: 600 ns  Iteration: 0  Process: /T01_HelloWorldTB/line__7  File: C:/Users/panta/OneDrive - Politecnico di Milano/Documenti/Progetto di Reti Logiche/project_basicstuff/project_basicstuff.srcs/sources_1/new/T01_HelloWorldTB.vhd
Note: Hello world! How are you doing?
Time: 700 ns  Iteration: 0  Process: /T01_HelloWorldTB/line__7  File: C:/Users/panta/OneDrive - Politecnico di Milano/Documenti/Progetto di Reti Logiche/project_basicstuff/project_basicstuff.srcs/sources_1/new/T01_HelloWorldTB.vhd
Note: Hello world! How are you doing?
Time: 800 ns  Iteration: 0  Process: /T01_HelloWorldTB/line__7  File: C:/Users/panta/OneDrive - Politecnico di Milano/Documenti/Progetto di Reti Logiche/project_basicstuff/project_basicstuff.srcs/sources_1/new/T01_HelloWorldTB.vhd
Note: Hello world! How are you doing?
Time: 900 ns  Iteration: 0  Process: /T01_HelloWorldTB/line__7  File: C:/Users/panta/OneDrive - Politecnico di Milano/Documenti/Progetto di Reti Logiche/project_basicstuff/project_basicstuff.srcs/sources_1/new/T01_HelloWorldTB.vhd
Note: Hello world! How are you doing?
Time: 1 us  Iteration: 0  Process: /T01_HelloWorldTB/line__7  File: C:/Users/panta/OneDrive - Politecnico di Milano/Documenti/Progetto di Reti Logiche/project_basicstuff/project_basicstuff.srcs/sources_1/new/T01_HelloWorldTB.vhd
